[debug] [2021-09-13T07:50:49.648Z] ----------------------------------------------------------------------
[debug] [2021-09-13T07:50:49.649Z] Command:       /usr/local/bin/firebase /home/developer/.cache/firebase/tools/lib/node_modules/firebase-tools/lib/bin/firebase init
[debug] [2021-09-13T07:50:49.650Z] CLI Version:   9.16.6
[debug] [2021-09-13T07:50:49.650Z] Platform:      linux
[debug] [2021-09-13T07:50:49.650Z] Node Version:  v12.18.1
[debug] [2021-09-13T07:50:49.655Z] Time:          Mon Sep 13 2021 13:20:49 GMT+0530 (India Standard Time)
[debug] [2021-09-13T07:50:49.655Z] ----------------------------------------------------------------------
[debug] 
[debug] [2021-09-13T07:50:49.657Z] >>> [apiv2][query] GET https://firebase-public.firebaseio.com/cli.json [none]
[debug] [2021-09-13T07:50:49.706Z] > command requires scopes: ["email","openid","https://www.googleapis.com/auth/cloudplatformprojects.readonly","https://www.googleapis.com/auth/firebase","https://www.googleapis.com/auth/cloud-platform"]
[debug] [2021-09-13T07:50:49.706Z] > authorizing via signed-in user (shajudamodaran7725@gmail.com)
[info] 
     ######## #### ########  ######## ########     ###     ######  ########
     ##        ##  ##     ## ##       ##     ##  ##   ##  ##       ##
     ######    ##  ########  ######   ########  #########  ######  ######
     ##        ##  ##    ##  ##       ##     ## ##     ##       ## ##
     ##       #### ##     ## ######## ########  ##     ##  ######  ########

You're about to initialize a Firebase project in this directory:

  /home/developer

Before we get started, keep in mind:

  * You are initializing within an existing Firebase project directory

[debug] [2021-09-13T07:50:51.363Z] <<< [apiv2][status] GET https://firebase-public.firebaseio.com/cli.json 200
[debug] [2021-09-13T07:50:51.363Z] <<< [apiv2][body] GET https://firebase-public.firebaseio.com/cli.json {"cloudBuildErrorAfter":1594252800000,"cloudBuildWarnAfter":1590019200000,"defaultNode10After":1594252800000,"minVersion":"3.0.5","node8DeploysDisabledAfter":1613390400000,"node8RuntimeDisabledAfter":1615809600000,"node8WarnAfter":1600128000000}
[debug] [2021-09-13T07:50:52.311Z] Error: write EIO
    at afterWriteDispatched (internal/stream_base_commons.js:154:25)
    at writeGeneric (internal/stream_base_commons.js:145:3)
    at WriteStream.Socket._writeGeneric (net.js:786:11)
    at WriteStream.Socket._write (net.js:798:8)
    at doWrite (_stream_writable.js:403:12)
    at writeOrBuffer (_stream_writable.js:387:5)
    at WriteStream.Writable.write (_stream_writable.js:318:11)
    at EventEmitter.signalExit.alwaysLast (/home/developer/.cache/firebase/tools/lib/node_modules/restore-cursor/index.js:7:18)
    at EventEmitter.emit (events.js:315:20)
    at EventEmitter.emit (domain.js:482:12)
    at emit (/home/developer/.cache/firebase/tools/lib/node_modules/signal-exit/index.js:78:11)
    at process.listener (/home/developer/.cache/firebase/tools/lib/node_modules/signal-exit/index.js:94:7)
    at process.emit (events.js:315:20)
